android/app/build/intermediates/manifest_merge_blame_file/debug/manifest-merger-blame-debug-report.txt
1<?xml version="1.0" encoding="utf-8"?>
2<manifest xmlns:android="http://schemas.android.com/apk/res/android"
3    package="com.example.reels_task"
4    android:versionCode="1"
5    android:versionName="1.0.0" >
6
7    <uses-sdk
8        android:minSdkVersion="21"
9        android:targetSdkVersion="33" />
10    <!--
11         The INTERNET permission is required for development. Specifically,
12         the Flutter tool needs it to communicate with the running application
13         to allow setting breakpoints, to provide hot reload, etc.
14    -->
15    <uses-permission android:name="android.permission.INTERNET" />
15-->src\debug\AndroidManifest.xml:6:5-66
15-->src\debug\AndroidManifest.xml:6:22-64
16    <!-- Ensure this matches your package structure -->
17    <application
17-->src\main\AndroidManifest.xml:4:5-31:19
18        android:debuggable="true"
19        android:icon="@mipmap/ic_launcher"
19-->src\main\AndroidManifest.xml:6:9-43
20        android:label="Reels Task"
20-->src\main\AndroidManifest.xml:5:9-35
21        android:theme="@style/NormalTheme" > <!-- Ensure this theme exists in your styles.xml -->
21-->src\main\AndroidManifest.xml:7:9-43
22
23        <activity
23-->src\main\AndroidManifest.xml:9:9-30:20
24            android:name="com.example.reels_task.MainActivity"
24-->src\main\AndroidManifest.xml:10:13-41
25            android:configChanges="orientation|keyboardHidden|screenSize|smallestScreenSize|locale|layoutDirection|fontScale|screenLayout|density|uiMode"
25-->src\main\AndroidManifest.xml:14:13-154
26            android:exported="true"
26-->src\main\AndroidManifest.xml:11:13-36
27            android:hardwareAccelerated="true"
27-->src\main\AndroidManifest.xml:15:13-47
28            android:launchMode="singleTop"
28-->src\main\AndroidManifest.xml:12:13-43
29            android:theme="@style/LaunchTheme"
29-->src\main\AndroidManifest.xml:13:13-47
30            android:windowSoftInputMode="adjustResize" >
30-->src\main\AndroidManifest.xml:16:13-55
31            <meta-data
31-->src\main\AndroidManifest.xml:18:13-20:57
32                android:name="io.flutter.embedding.android.NormalTheme"
32-->src\main\AndroidManifest.xml:19:17-72
33                android:resource="@style/NormalTheme" />
33-->src\main\AndroidManifest.xml:20:17-54
34            <meta-data
34-->src\main\AndroidManifest.xml:22:13-24:37
35                android:name="flutterEmbedding"
35-->src\main\AndroidManifest.xml:23:17-48
36                android:value="2" />
36-->src\main\AndroidManifest.xml:24:17-34
37
38            <intent-filter>
38-->src\main\AndroidManifest.xml:26:13-29:29
39                <action android:name="android.intent.action.MAIN" />
39-->src\main\AndroidManifest.xml:27:17-69
39-->src\main\AndroidManifest.xml:27:25-66
40
41                <category android:name="android.intent.category.LAUNCHER" />
41-->src\main\AndroidManifest.xml:28:17-77
41-->src\main\AndroidManifest.xml:28:27-74
42            </intent-filter>
43        </activity>
44    </application>
45
46</manifest>